<?xml version="1.0" encoding="UTF-8"?>
<!-- Generated by org.testng.reporters.JUnitXMLReporter -->
<testsuite ignored="8" hostname="Aibin" failures="0" tests="11" name="Test" time="42.482" errors="0" timestamp="2023-07-01T10:22:55 IST">
  <testcase classname="com.DemoPos.Script.LoginTest" name="verifySigninInvalidUserInvalidpass" time="0.97"/>
  <testcase classname="com.DemoPos.Script.LoginTest" name="verifySigninInvalidUserValidpass" time="0.698"/>
  <testcase classname="com.DemoPos.Script.LoginTest" name="verifySigninValidUserInvalidpass" time="0.759"/>
  <testcase classname="com.DemoPos.Script.LoginTest" name="verifySigninValidUserValidpass" time="3.415"/>
  <testcase classname="com.DemoPos.Script.HomeTest" name="verifyPurchasePaymentDueList" time="0.403"/>
  <testcase classname="com.DemoPos.Script.UsersTest" name="verifyenterFirstName" time="6.391"/>
  <testcase classname="com.DemoPos.Script.RolesTest" name="verifyAddNewRole" time="6.911"/>
  <testcase classname="com.DemoPos.Script.RolesTest" name="verifyDeleteRole" time="2.09">
    <skipped/>
  </testcase> <!-- verifyDeleteRole -->
  <testcase classname="com.DemoPos.Script.RolesTest" name="verifyDeleteRole" time="1.898"/>
  <testcase classname="com.DemoPos.Script.ContactsTest" name="verifyEditCostumerGroup" time="3.006"/>
  <testcase classname="com.DemoPos.Script.ContactsTest" name="verifyFileUpload" time="3.787"/>
  <testcase classname="com.DemoPos.Base.TestBase" name="@BeforeTest beforeTest" time="0.0">
    <ignored/>
  </testcase> <!-- @BeforeTest beforeTest -->
  <testcase classname="com.DemoPos.Base.TestBase" name="@AfterTest afterTest" time="0.0">
    <ignored/>
  </testcase> <!-- @AfterTest afterTest -->
  <testcase classname="com.DemoPos.Base.TestBase" name="@AfterTest afterTest" time="0.0">
    <ignored/>
  </testcase> <!-- @AfterTest afterTest -->
  <testcase classname="com.DemoPos.Base.TestBase" name="@BeforeTest beforeTest" time="0.0">
    <ignored/>
  </testcase> <!-- @BeforeTest beforeTest -->
  <testcase classname="com.DemoPos.Base.TestBase" name="@BeforeTest beforeTest" time="0.0">
    <ignored/>
  </testcase> <!-- @BeforeTest beforeTest -->
  <testcase classname="com.DemoPos.Base.TestBase" name="@AfterTest afterTest" time="0.0">
    <ignored/>
  </testcase> <!-- @AfterTest afterTest -->
  <testcase classname="com.DemoPos.Base.TestBase" name="@BeforeTest beforeTest" time="0.0">
    <ignored/>
  </testcase> <!-- @BeforeTest beforeTest -->
  <testcase classname="com.DemoPos.Base.TestBase" name="@AfterTest afterTest" time="0.0">
    <ignored/>
  </testcase> <!-- @AfterTest afterTest -->
</testsuite> <!-- Test -->
