<?xml version="1.0" encoding="UTF-8"?>
<testng-results retried="1" ignored="8" total="19" passed="10" failed="0" skipped="0">
  <reporter-output>
  </reporter-output>
  <suite started-at="2023-07-01T10:22:12 IST" name="Suite" finished-at="2023-07-01T10:22:55 IST" duration-ms="42482">
    <groups>
      <group name="smoke">
        <method signature="LoginTest.verifySigninValidUserValidpass(java.lang.String,int)[pri:4, instance:com.DemoPos.Script.LoginTest@1339e7aa]" name="verifySigninValidUserValidpass" class="com.DemoPos.Script.LoginTest"/>
        <method signature="UsersTest.verifyenterFirstName()[pri:6, instance:com.DemoPos.Script.UsersTest@5be46f9d]" name="verifyenterFirstName" class="com.DemoPos.Script.UsersTest"/>
        <method signature="RolesTest.verifyAddNewRole()[pri:7, instance:com.DemoPos.Script.RolesTest@3f91b517]" name="verifyAddNewRole" class="com.DemoPos.Script.RolesTest"/>
        <method signature="RolesTest.verifyDeleteRole()[pri:8, instance:com.DemoPos.Script.RolesTest@3f91b517]" name="verifyDeleteRole" class="com.DemoPos.Script.RolesTest"/>
      </group> <!-- smoke -->
    </groups>
    <test started-at="2023-07-01T10:22:12 IST" name="Test" finished-at="2023-07-01T10:22:55 IST" duration-ms="42482">
      <class name="com.DemoPos.Script.ContactsTest">
        <test-method signature="verifyEditCostumerGroup()[pri:9, instance:com.DemoPos.Script.ContactsTest@68702e03]" started-at="2023-07-01T10:22:47 IST" name="verifyEditCostumerGroup" description="Verify Edit Customer Group" finished-at="2023-07-01T10:22:50 IST" duration-ms="3006" status="PASS">
          <reporter-output>
          </reporter-output>
        </test-method> <!-- verifyEditCostumerGroup -->
        <test-method signature="verifyFileUpload()[pri:10, instance:com.DemoPos.Script.ContactsTest@68702e03]" started-at="2023-07-01T10:22:50 IST" name="verifyFileUpload" description="Verify the File upload" finished-at="2023-07-01T10:22:54 IST" duration-ms="3787" status="PASS">
          <reporter-output>
          </reporter-output>
        </test-method> <!-- verifyFileUpload -->
        <test-method is-config="true" signature="takeScreenShotOnFailure(org.testng.ITestResult)[pri:0, instance:com.DemoPos.Script.ContactsTest@68702e03]" started-at="2023-07-01T10:22:50 IST" name="takeScreenShotOnFailure" finished-at="2023-07-01T10:22:50 IST" duration-ms="0" status="PASS">
          <params>
            <param index="0">
              <value>
                <![CDATA[[TestResult name=verifyEditCostumerGroup status=SUCCESS method=ContactsTest.verifyEditCostumerGroup()[pri:9, instance:com.DemoPos.Script.ContactsTest@68702e03] output={null}]]]>
              </value>
            </param>
          </params>
          <reporter-output>
          </reporter-output>
        </test-method> <!-- takeScreenShotOnFailure -->
        <test-method is-config="true" signature="takeScreenShotOnFailure(org.testng.ITestResult)[pri:0, instance:com.DemoPos.Script.ContactsTest@68702e03]" started-at="2023-07-01T10:22:54 IST" name="takeScreenShotOnFailure" finished-at="2023-07-01T10:22:54 IST" duration-ms="0" status="PASS">
          <params>
            <param index="0">
              <value>
                <![CDATA[[TestResult name=verifyFileUpload status=SUCCESS method=ContactsTest.verifyFileUpload()[pri:10, instance:com.DemoPos.Script.ContactsTest@68702e03] output={null}]]]>
              </value>
            </param>
          </params>
          <reporter-output>
          </reporter-output>
        </test-method> <!-- takeScreenShotOnFailure -->
      </class> <!-- com.DemoPos.Script.ContactsTest -->
      <class name="com.DemoPos.Script.HomeTest">
        <test-method signature="verifyPurchasePaymentDueList()[pri:5, instance:com.DemoPos.Script.HomeTest@4f3bbf68]" started-at="2023-07-01T10:22:30 IST" name="verifyPurchasePaymentDueList" description="Verify  the Supplier in Purchase Payment Due" finished-at="2023-07-01T10:22:30 IST" duration-ms="403" status="PASS">
          <reporter-output>
          </reporter-output>
        </test-method> <!-- verifyPurchasePaymentDueList -->
        <test-method is-config="true" signature="takeScreenShotOnFailure(org.testng.ITestResult)[pri:0, instance:com.DemoPos.Script.HomeTest@4f3bbf68]" started-at="2023-07-01T10:22:30 IST" name="takeScreenShotOnFailure" finished-at="2023-07-01T10:22:30 IST" duration-ms="0" status="PASS">
          <params>
            <param index="0">
              <value>
                <![CDATA[[TestResult name=verifyPurchasePaymentDueList status=SUCCESS method=HomeTest.verifyPurchasePaymentDueList()[pri:5, instance:com.DemoPos.Script.HomeTest@4f3bbf68] output={null}]]]>
              </value>
            </param>
          </params>
          <reporter-output>
          </reporter-output>
        </test-method> <!-- takeScreenShotOnFailure -->
      </class> <!-- com.DemoPos.Script.HomeTest -->
      <class name="com.DemoPos.Script.LoginTest">
        <test-method is-config="true" signature="beforeTest(java.lang.String)[pri:0, instance:com.DemoPos.Script.LoginTest@1339e7aa]" started-at="2023-07-01T10:22:12 IST" name="beforeTest" finished-at="2023-07-01T10:22:23 IST" duration-ms="10951" status="PASS">
          <params>
            <param index="0">
              <value>
                <![CDATA[chrome]]>
              </value>
            </param>
          </params>
          <reporter-output>
          </reporter-output>
        </test-method> <!-- beforeTest -->
        <test-method signature="verifySigninInvalidUserInvalidpass(java.lang.String,int)[pri:1, instance:com.DemoPos.Script.LoginTest@1339e7aa]" started-at="2023-07-01T10:22:24 IST" name="verifySigninInvalidUserInvalidpass" description="Verify  checking of invalid login Scenario" data-provider="invalidUserInvalidPassword" finished-at="2023-07-01T10:22:25 IST" duration-ms="970" status="PASS">
          <params>
            <param index="0">
              <value>
                <![CDATA[riya]]>
              </value>
            </param>
            <param index="1">
              <value>
                <![CDATA[1223]]>
              </value>
            </param>
          </params>
          <reporter-output>
          </reporter-output>
        </test-method> <!-- verifySigninInvalidUserInvalidpass -->
        <test-method is-config="true" signature="takeScreenShotOnFailure(org.testng.ITestResult)[pri:0, instance:com.DemoPos.Script.LoginTest@1339e7aa]" started-at="2023-07-01T10:22:25 IST" name="takeScreenShotOnFailure" finished-at="2023-07-01T10:22:25 IST" duration-ms="2" status="PASS">
          <params>
            <param index="0">
              <value>
                <![CDATA[[TestResult name=verifySigninInvalidUserInvalidpass status=SUCCESS method=LoginTest.verifySigninInvalidUserInvalidpass(java.lang.String,int)[pri:1, instance:com.DemoPos.Script.LoginTest@1339e7aa] output={null}]]]>
              </value>
            </param>
          </params>
          <reporter-output>
          </reporter-output>
        </test-method> <!-- takeScreenShotOnFailure -->
        <test-method signature="verifySigninInvalidUserValidpass(java.lang.String,int)[pri:2, instance:com.DemoPos.Script.LoginTest@1339e7aa]" started-at="2023-07-01T10:22:25 IST" name="verifySigninInvalidUserValidpass" description="Verify checking invalid login Scenario" data-provider="invalidUservalidPassword" finished-at="2023-07-01T10:22:25 IST" duration-ms="698" status="PASS">
          <params>
            <param index="0">
              <value>
                <![CDATA[rynku]]>
              </value>
            </param>
            <param index="1">
              <value>
                <![CDATA[123123]]>
              </value>
            </param>
          </params>
          <reporter-output>
          </reporter-output>
        </test-method> <!-- verifySigninInvalidUserValidpass -->
        <test-method is-config="true" signature="takeScreenShotOnFailure(org.testng.ITestResult)[pri:0, instance:com.DemoPos.Script.LoginTest@1339e7aa]" started-at="2023-07-01T10:22:25 IST" name="takeScreenShotOnFailure" finished-at="2023-07-01T10:22:25 IST" duration-ms="1" status="PASS">
          <params>
            <param index="0">
              <value>
                <![CDATA[[TestResult name=verifySigninInvalidUserValidpass status=SUCCESS method=LoginTest.verifySigninInvalidUserValidpass(java.lang.String,int)[pri:2, instance:com.DemoPos.Script.LoginTest@1339e7aa] output={null}]]]>
              </value>
            </param>
          </params>
          <reporter-output>
          </reporter-output>
        </test-method> <!-- takeScreenShotOnFailure -->
        <test-method signature="verifySigninValidUserInvalidpass(java.lang.String,int)[pri:3, instance:com.DemoPos.Script.LoginTest@1339e7aa]" started-at="2023-07-01T10:22:25 IST" name="verifySigninValidUserInvalidpass" description="Verify checking invalid login Scenario" data-provider="validUserInvalidPassword" finished-at="2023-07-01T10:22:26 IST" duration-ms="759" status="PASS">
          <params>
            <param index="0">
              <value>
                <![CDATA[admin]]>
              </value>
            </param>
            <param index="1">
              <value>
                <![CDATA[10]]>
              </value>
            </param>
          </params>
          <reporter-output>
          </reporter-output>
        </test-method> <!-- verifySigninValidUserInvalidpass -->
        <test-method is-config="true" signature="takeScreenShotOnFailure(org.testng.ITestResult)[pri:0, instance:com.DemoPos.Script.LoginTest@1339e7aa]" started-at="2023-07-01T10:22:26 IST" name="takeScreenShotOnFailure" finished-at="2023-07-01T10:22:26 IST" duration-ms="1" status="PASS">
          <params>
            <param index="0">
              <value>
                <![CDATA[[TestResult name=verifySigninValidUserInvalidpass status=SUCCESS method=LoginTest.verifySigninValidUserInvalidpass(java.lang.String,int)[pri:3, instance:com.DemoPos.Script.LoginTest@1339e7aa] output={null}]]]>
              </value>
            </param>
          </params>
          <reporter-output>
          </reporter-output>
        </test-method> <!-- takeScreenShotOnFailure -->
        <test-method signature="verifySigninValidUserValidpass(java.lang.String,int)[pri:4, instance:com.DemoPos.Script.LoginTest@1339e7aa]" started-at="2023-07-01T10:22:26 IST" name="verifySigninValidUserValidpass" description="Verify checking valid login Scenario" data-provider="validUservalidPassword" finished-at="2023-07-01T10:22:30 IST" duration-ms="3415" status="PASS">
          <params>
            <param index="0">
              <value>
                <![CDATA[admin]]>
              </value>
            </param>
            <param index="1">
              <value>
                <![CDATA[123123]]>
              </value>
            </param>
          </params>
          <reporter-output>
          </reporter-output>
        </test-method> <!-- verifySigninValidUserValidpass -->
        <test-method is-config="true" signature="takeScreenShotOnFailure(org.testng.ITestResult)[pri:0, instance:com.DemoPos.Script.LoginTest@1339e7aa]" started-at="2023-07-01T10:22:30 IST" name="takeScreenShotOnFailure" finished-at="2023-07-01T10:22:30 IST" duration-ms="0" status="PASS">
          <params>
            <param index="0">
              <value>
                <![CDATA[[TestResult name=verifySigninValidUserValidpass status=SUCCESS method=LoginTest.verifySigninValidUserValidpass(java.lang.String,int)[pri:4, instance:com.DemoPos.Script.LoginTest@1339e7aa] output={null}]]]>
              </value>
            </param>
          </params>
          <reporter-output>
          </reporter-output>
        </test-method> <!-- takeScreenShotOnFailure -->
        <test-method is-config="true" signature="afterTest()[pri:0, instance:com.DemoPos.Script.LoginTest@1339e7aa]" started-at="2023-07-01T10:22:54 IST" name="afterTest" finished-at="2023-07-01T10:22:55 IST" duration-ms="446" status="PASS">
          <reporter-output>
          </reporter-output>
        </test-method> <!-- afterTest -->
      </class> <!-- com.DemoPos.Script.LoginTest -->
      <class name="com.DemoPos.Script.RolesTest">
        <test-method signature="verifyAddNewRole()[pri:7, instance:com.DemoPos.Script.RolesTest@3f91b517]" started-at="2023-07-01T10:22:36 IST" name="verifyAddNewRole" description="Verify add New Role" finished-at="2023-07-01T10:22:43 IST" duration-ms="6911" status="PASS">
          <reporter-output>
          </reporter-output>
        </test-method> <!-- verifyAddNewRole -->
        <test-method is-config="true" signature="takeScreenShotOnFailure(org.testng.ITestResult)[pri:0, instance:com.DemoPos.Script.RolesTest@3f91b517]" started-at="2023-07-01T10:22:43 IST" name="takeScreenShotOnFailure" finished-at="2023-07-01T10:22:43 IST" duration-ms="0" status="PASS">
          <params>
            <param index="0">
              <value>
                <![CDATA[[TestResult name=verifyAddNewRole status=SUCCESS method=RolesTest.verifyAddNewRole()[pri:7, instance:com.DemoPos.Script.RolesTest@3f91b517] output={null}]]]>
              </value>
            </param>
          </params>
          <reporter-output>
          </reporter-output>
        </test-method> <!-- takeScreenShotOnFailure -->
        <test-method retried="true" signature="verifyDeleteRole()[pri:8, instance:com.DemoPos.Script.RolesTest@3f91b517]" started-at="2023-07-01T10:22:43 IST" name="verifyDeleteRole" description="Verify Delete Role" finished-at="2023-07-01T10:22:45 IST" duration-ms="2090" status="SKIP">
          <exception class="org.openqa.selenium.StaleElementReferenceException">
            <message>
              <![CDATA[stale element reference: stale element not found
  (Session info: chrome=114.0.5735.134)
For documentation on this error, please visit: https://selenium.dev/exceptions/#stale_element_reference
Build info: version: '4.9.0', revision: 'd7057100a6'
System info: os.name: 'Windows 11', os.arch: 'amd64', os.version: '10.0', java.version: '11.0.19'
Driver info: org.openqa.selenium.chrome.ChromeDriver
Command: [13a7e1fa588da412789bddff4b6eedd2, getElementText {id=D8CF25BF3843968529C85AF2436F97E2_element_366}]
Capabilities {acceptInsecureCerts: false, browserName: chrome, browserVersion: 114.0.5735.134, chrome: {chromedriverVersion: 114.0.5735.90 (386bc09e8f4f..., userDataDir: C:\WINDOWS\SystemTemp\scope...}, goog:chromeOptions: {debuggerAddress: localhost:51957}, networkConnectionEnabled: false, pageLoadStrategy: normal, platformName: WINDOWS, proxy: Proxy(), se:cdp: ws://localhost:51957/devtoo..., se:cdpVersion: 114.0.5735.134, setWindowRect: true, strictFileInteractability: false, timeouts: {implicit: 0, pageLoad: 300000, script: 30000}, unhandledPromptBehavior: dismiss and notify, webauthn:extension:credBlob: true, webauthn:extension:largeBlob: true, webauthn:extension:minPinLength: true, webauthn:extension:prf: true, webauthn:virtualAuthenticators: true}
Element: [[[[ChromeDriver: chrome on WINDOWS (13a7e1fa588da412789bddff4b6eedd2)] -> xpath: //table[@id="roles_table"]/tbody/tr]] -> tag name: td]
Session ID: 13a7e1fa588da412789bddff4b6eedd2]]>
            </message>
            <full-stacktrace>
              <![CDATA[org.openqa.selenium.StaleElementReferenceException: stale element reference: stale element not found
  (Session info: chrome=114.0.5735.134)
For documentation on this error, please visit: https://selenium.dev/exceptions/#stale_element_reference
Build info: version: '4.9.0', revision: 'd7057100a6'
System info: os.name: 'Windows 11', os.arch: 'amd64', os.version: '10.0', java.version: '11.0.19'
Driver info: org.openqa.selenium.chrome.ChromeDriver
Command: [13a7e1fa588da412789bddff4b6eedd2, getElementText {id=D8CF25BF3843968529C85AF2436F97E2_element_366}]
Capabilities {acceptInsecureCerts: false, browserName: chrome, browserVersion: 114.0.5735.134, chrome: {chromedriverVersion: 114.0.5735.90 (386bc09e8f4f..., userDataDir: C:\WINDOWS\SystemTemp\scope...}, goog:chromeOptions: {debuggerAddress: localhost:51957}, networkConnectionEnabled: false, pageLoadStrategy: normal, platformName: WINDOWS, proxy: Proxy(), se:cdp: ws://localhost:51957/devtoo..., se:cdpVersion: 114.0.5735.134, setWindowRect: true, strictFileInteractability: false, timeouts: {implicit: 0, pageLoad: 300000, script: 30000}, unhandledPromptBehavior: dismiss and notify, webauthn:extension:credBlob: true, webauthn:extension:largeBlob: true, webauthn:extension:minPinLength: true, webauthn:extension:prf: true, webauthn:virtualAuthenticators: true}
Element: [[[[ChromeDriver: chrome on WINDOWS (13a7e1fa588da412789bddff4b6eedd2)] -> xpath: //table[@id="roles_table"]/tbody/tr]] -> tag name: td]
Session ID: 13a7e1fa588da412789bddff4b6eedd2
at java.base/jdk.internal.reflect.NativeConstructorAccessorImpl.newInstance0(Native Method)
at java.base/jdk.internal.reflect.NativeConstructorAccessorImpl.newInstance(NativeConstructorAccessorImpl.java:62)
at java.base/jdk.internal.reflect.DelegatingConstructorAccessorImpl.newInstance(DelegatingConstructorAccessorImpl.java:45)
at java.base/java.lang.reflect.Constructor.newInstance(Constructor.java:490)
at org.openqa.selenium.remote.codec.w3c.W3CHttpResponseCodec.createException(W3CHttpResponseCodec.java:200)
at org.openqa.selenium.remote.codec.w3c.W3CHttpResponseCodec.decode(W3CHttpResponseCodec.java:133)
at org.openqa.selenium.remote.codec.w3c.W3CHttpResponseCodec.decode(W3CHttpResponseCodec.java:53)
at org.openqa.selenium.remote.HttpCommandExecutor.execute(HttpCommandExecutor.java:193)
at org.openqa.selenium.remote.service.DriverCommandExecutor.invokeExecute(DriverCommandExecutor.java:183)
at org.openqa.selenium.remote.service.DriverCommandExecutor.execute(DriverCommandExecutor.java:158)
at org.openqa.selenium.remote.RemoteWebDriver.execute(RemoteWebDriver.java:543)
at org.openqa.selenium.remote.RemoteWebElement.execute(RemoteWebElement.java:257)
at org.openqa.selenium.remote.RemoteWebElement.getText(RemoteWebElement.java:207)
at com.DemoPos.Utilities.WebTableUtilities.webTableHandleDeleteElement(WebTableUtilities.java:32)
at com.DemoPos.Pages.RolesPage.deleteRole(RolesPage.java:84)
at com.DemoPos.Script.RolesTest.verifyDeleteRole(RolesTest.java:30)
at java.base/jdk.internal.reflect.NativeMethodAccessorImpl.invoke0(Native Method)
at java.base/jdk.internal.reflect.NativeMethodAccessorImpl.invoke(NativeMethodAccessorImpl.java:62)
at java.base/jdk.internal.reflect.DelegatingMethodAccessorImpl.invoke(DelegatingMethodAccessorImpl.java:43)
at java.base/java.lang.reflect.Method.invoke(Method.java:566)
at org.testng.internal.invokers.MethodInvocationHelper.invokeMethod(MethodInvocationHelper.java:139)
at org.testng.internal.invokers.TestInvoker.invokeMethod(TestInvoker.java:677)
at org.testng.internal.invokers.TestInvoker.invokeTestMethod(TestInvoker.java:221)
at org.testng.internal.invokers.MethodRunner.runInSequence(MethodRunner.java:50)
at org.testng.internal.invokers.TestInvoker$MethodInvocationAgent.invoke(TestInvoker.java:969)
at org.testng.internal.invokers.TestInvoker.invokeTestMethods(TestInvoker.java:194)
at org.testng.internal.invokers.TestMethodWorker.invokeTestMethods(TestMethodWorker.java:148)
at org.testng.internal.invokers.TestMethodWorker.run(TestMethodWorker.java:128)
at java.base/java.util.ArrayList.forEach(ArrayList.java:1541)
at org.testng.TestRunner.privateRun(TestRunner.java:829)
at org.testng.TestRunner.run(TestRunner.java:602)
at org.testng.SuiteRunner.runTest(SuiteRunner.java:437)
at org.testng.SuiteRunner.runSequentially(SuiteRunner.java:431)
at org.testng.SuiteRunner.privateRun(SuiteRunner.java:391)
at org.testng.SuiteRunner.run(SuiteRunner.java:330)
at org.testng.SuiteRunnerWorker.runSuite(SuiteRunnerWorker.java:52)
at org.testng.SuiteRunnerWorker.run(SuiteRunnerWorker.java:95)
at org.testng.TestNG.runSuitesSequentially(TestNG.java:1256)
at org.testng.TestNG.runSuitesLocally(TestNG.java:1176)
at org.testng.TestNG.runSuites(TestNG.java:1099)
at org.testng.TestNG.run(TestNG.java:1067)
at org.testng.remote.AbstractRemoteTestNG.run(AbstractRemoteTestNG.java:115)
at org.testng.remote.RemoteTestNG.initAndRun(RemoteTestNG.java:251)
at org.testng.remote.RemoteTestNG.main(RemoteTestNG.java:77)
]]>
            </full-stacktrace>
          </exception> <!-- org.openqa.selenium.StaleElementReferenceException -->
          <reporter-output>
          </reporter-output>
        </test-method> <!-- verifyDeleteRole -->
        <test-method is-config="true" signature="takeScreenShotOnFailure(org.testng.ITestResult)[pri:0, instance:com.DemoPos.Script.RolesTest@3f91b517]" started-at="2023-07-01T10:22:45 IST" name="takeScreenShotOnFailure" finished-at="2023-07-01T10:22:45 IST" duration-ms="1" status="PASS">
          <params>
            <param index="0">
              <value>
                <![CDATA[[TestResult name=verifyDeleteRole status=SKIP method=RolesTest.verifyDeleteRole()[pri:8, instance:com.DemoPos.Script.RolesTest@3f91b517] output={null}]]]>
              </value>
            </param>
          </params>
          <reporter-output>
          </reporter-output>
        </test-method> <!-- takeScreenShotOnFailure -->
        <test-method signature="verifyDeleteRole()[pri:8, instance:com.DemoPos.Script.RolesTest@3f91b517]" started-at="2023-07-01T10:22:45 IST" name="verifyDeleteRole" description="Verify Delete Role" finished-at="2023-07-01T10:22:47 IST" duration-ms="1898" status="PASS">
          <reporter-output>
          </reporter-output>
        </test-method> <!-- verifyDeleteRole -->
        <test-method is-config="true" signature="takeScreenShotOnFailure(org.testng.ITestResult)[pri:0, instance:com.DemoPos.Script.RolesTest@3f91b517]" started-at="2023-07-01T10:22:47 IST" name="takeScreenShotOnFailure" finished-at="2023-07-01T10:22:47 IST" duration-ms="1" status="PASS">
          <params>
            <param index="0">
              <value>
                <![CDATA[[TestResult name=verifyDeleteRole status=SUCCESS method=RolesTest.verifyDeleteRole()[pri:8, instance:com.DemoPos.Script.RolesTest@3f91b517] output={null}]]]>
              </value>
            </param>
          </params>
          <reporter-output>
          </reporter-output>
        </test-method> <!-- takeScreenShotOnFailure -->
      </class> <!-- com.DemoPos.Script.RolesTest -->
      <class name="com.DemoPos.Script.UsersTest">
        <test-method signature="verifyenterFirstName()[pri:6, instance:com.DemoPos.Script.UsersTest@5be46f9d]" started-at="2023-07-01T10:22:30 IST" name="verifyenterFirstName" description="Verify user is able add details" finished-at="2023-07-01T10:22:36 IST" duration-ms="6391" status="PASS">
          <reporter-output>
          </reporter-output>
        </test-method> <!-- verifyenterFirstName -->
        <test-method is-config="true" signature="takeScreenShotOnFailure(org.testng.ITestResult)[pri:0, instance:com.DemoPos.Script.UsersTest@5be46f9d]" started-at="2023-07-01T10:22:36 IST" name="takeScreenShotOnFailure" finished-at="2023-07-01T10:22:36 IST" duration-ms="0" status="PASS">
          <params>
            <param index="0">
              <value>
                <![CDATA[[TestResult name=verifyenterFirstName status=SUCCESS method=UsersTest.verifyenterFirstName()[pri:6, instance:com.DemoPos.Script.UsersTest@5be46f9d] output={null}]]]>
              </value>
            </param>
          </params>
          <reporter-output>
          </reporter-output>
        </test-method> <!-- takeScreenShotOnFailure -->
      </class> <!-- com.DemoPos.Script.UsersTest -->
    </test> <!-- Test -->
  </suite> <!-- Suite -->
</testng-results>
